<?xml version="1.0" encoding="UTF-8"?>
<!-- Generated by org.testng.reporters.JUnitReportReporter -->
<testsuite skipped="0" hostname="LAPTOP-I5MPUN7Q" name="com.helperAI.testcases.SearchTest" tests="1" failures="0" timestamp="2022-05-11T17:50:07 IST" time="13.627" errors="0">
  <testcase name="searchOption" time="13.627" classname="com.helperAI.testcases.SearchTest"/>
  <system-out/>
</testsuite> <!-- com.helperAI.testcases.SearchTest -->
