<?xml version="1.0" encoding="UTF-8"?>
<!-- Generated by org.testng.reporters.JUnitReportReporter -->
<testsuite skipped="0" hostname="LAPTOP-I5MPUN7Q" name="com.helperAI.testcases.HelpAIWindowTest" tests="1" failures="0" timestamp="2022-05-12T09:38:08 IST" time="21.441" errors="0">
  <testcase name="helpWindow" time="21.441" classname="com.helperAI.testcases.HelpAIWindowTest"/>
  <system-out/>
</testsuite> <!-- com.helperAI.testcases.HelpAIWindowTest -->
