<?xml version="1.0" encoding="UTF-8"?>
<!-- Generated by org.testng.reporters.JUnitReportReporter -->
<<<<<<< HEAD
<testsuite skipped="0" hostname="LAPTOP-I5MPUN7Q" name="com.helpAI.testcases.ChatBotTest" tests="1" failures="0" timestamp="2022-05-26T17:04:02 IST" time="23.282" errors="0">
  <testcase name="chatBotOpen" time="23.282" classname="com.helpAI.testcases.ChatBotTest"/>
=======
<testsuite skipped="0" hostname="LAPTOP-I5MPUN7Q" name="com.helpAI.testcases.ChatBotTest" tests="1" failures="0" timestamp="2022-05-31T17:52:11 IST" time="17.909" errors="0">
  <testcase name="chatBotOpen" time="17.909" classname="com.helpAI.testcases.ChatBotTest"/>
>>>>>>> c166089 (new changes added)
  <system-out/>
</testsuite> <!-- com.helpAI.testcases.ChatBotTest -->
