<?xml version="1.0" encoding="UTF-8"?>
<!-- Generated by org.testng.reporters.JUnitReportReporter -->
<testsuite skipped="0" hostname="LAPTOP-I5MPUN7Q" name="com.helperAI.testcases.HelperAndContactTest" tests="1" failures="0" timestamp="2022-05-10T10:39:38 IST" time="16.954" errors="0">
  <testcase name="clickOnHelpAnContact" time="16.954" classname="com.helperAI.testcases.HelperAndContactTest"/>
  <system-out/>
</testsuite> <!-- com.helperAI.testcases.HelperAndContactTest -->
