<?xml version="1.0" encoding="UTF-8"?>
<!-- Generated by org.testng.reporters.JUnitReportReporter -->
<testsuite skipped="0" hostname="LAPTOP-I5MPUN7Q" name="com.helperAI.testcases.ChatBotTest" tests="1" failures="0" timestamp="2022-05-12T09:09:05 IST" time="18.495" errors="0">
  <testcase name="chatBotOpen" time="18.495" classname="com.helperAI.testcases.ChatBotTest"/>
  <system-out/>
</testsuite> <!-- com.helperAI.testcases.ChatBotTest -->
