<?xml version="1.0" encoding="UTF-8"?>
<!-- Generated by org.testng.reporters.JUnitReportReporter -->
<testsuite skipped="0" hostname="LAPTOP-I5MPUN7Q" name="com.helpAI.testcases.HelpAIWindowTest" tests="1" failures="0" timestamp="2022-05-27T12:36:54 IST" time="28.148" errors="0">
  <testcase name="helpWindow" time="28.148" classname="com.helpAI.testcases.HelpAIWindowTest"/>
  <system-out/>
</testsuite> <!-- com.helpAI.testcases.HelpAIWindowTest -->
